Executing task: C:\Users\tj\.platformio\penv\Scripts\platformio.exe run --target upload --target monitor --environment n8r8 --upload-port COM7 --monitor-port COM7 

Processing n8r8 (board: yb-esp32-s3-eth-n8r8; platform: espressif32; framework: arduino)
------------------------------------------------------------------------------------------------------------------------------------------------------------------------------
Verbose mode can be enabled via `-v, --verbose` option
CONFIGURATION: https://docs.platformio.org/page/boards/espressif32/yb-esp32-s3-eth-n8r8.html
PLATFORM: Espressif 32 (6.1.0) > YB-ESP32-S3-ETH-N8R8 (8 MB QD Flash, 8 MB Octal SPI PSRAM)
HARDWARE: ESP32S3 240MHz, 320KB RAM, 8MB Flash
DEBUG: Current (esp-builtin) On-board (esp-builtin) External (cmsis-dap, esp-bridge, esp-prog, iot-bus-jtag, jlink, minimodule, olimex-arm-usb-ocd, olimex-arm-usb-ocd-h, olimex-arm-usb-tiny-h, olimex-jtag-tiny, tumpa)
PACKAGES: 
 - framework-arduinoespressif32 @ 3.20007.0 (2.0.7) 
 - tool-esptoolpy @ 1.40500.0 (4.5.0) 
 - tool-mkfatfs @ 2.0.1 
 - tool-mklittlefs @ 1.203.210628 (2.3) 
 - tool-mkspiffs @ 2.230.0 (2.30) 
 - toolchain-riscv32-esp @ 8.4.0+2021r2-patch5 
 - toolchain-xtensa-esp32s3 @ 8.4.0+2021r2-patch5
LDF: Library Dependency Finder -> https://bit.ly/configure-pio-ldf
LDF Modes: Finder ~ chain, Compatibility ~ soft
Found 62 compatible libraries
Scanning dependencies...
No dependencies
Building in release mode
Compiling .pio\build\n8r8\src\main.cpp.o
Linking .pio\build\n8r8\firmware.elf
Retrieving maximum program size .pio\build\n8r8\firmware.elf
Checking size .pio\build\n8r8\firmware.elf
Advanced Memory Usage is available via "PlatformIO Home > Project Inspect"
RAM:   [=         ]   6.0% (used 19620 bytes from 327680 bytes)
Flash: [=         ]   8.0% (used 265913 bytes from 3342336 bytes)
Building .pio\build\n8r8\firmware.bin
esptool.py v4.5
Creating esp32s3 image...
Merged 2 ELF sections
Successfully created esp32s3 image.
Configuring upload protocol...
AVAILABLE: cmsis-dap, esp-bridge, esp-builtin, esp-prog, espota, esptool, iot-bus-jtag, jlink, minimodule, olimex-arm-usb-ocd, olimex-arm-usb-ocd-h, olimex-arm-usb-tiny-h, olimex-jtag-tiny, tumpa
CURRENT: upload_protocol = esptool
Looking for upload port...
Using manually specified: COM7
Uploading .pio\build\n8r8\firmware.bin
esptool.py v4.5
Serial port COM7
Connecting....
Chip is ESP32-S3 (revision v0.2)
Features: WiFi, BLE
Crystal is 40MHz
MAC: 48:27:e2:e8:97:74
Uploading stub...
Running stub...
Stub running...
Changing baud rate to 921600
Changed.
Configuring flash size...
Flash will be erased from 0x00000000 to 0x00003fff...
Flash will be erased from 0x00008000 to 0x00008fff...
Flash will be erased from 0x0000e000 to 0x0000ffff...
Flash will be erased from 0x00010000 to 0x00051fff...
Compressed 15040 bytes to 10333...
Writing at 0x00000000... (100 %)
Wrote 15040 bytes (10333 compressed) at 0x00000000 in 0.3 seconds (effective 423.2 kbit/s)...
Hash of data verified.
Compressed 3072 bytes to 146...
Writing at 0x00008000... (100 %)
Wrote 3072 bytes (146 compressed) at 0x00008000 in 0.0 seconds (effective 623.5 kbit/s)...
Hash of data verified.
Compressed 8192 bytes to 47...
Writing at 0x0000e000... (100 %)
Wrote 8192 bytes (47 compressed) at 0x0000e000 in 0.1 seconds (effective 908.9 kbit/s)...
Hash of data verified.
Compressed 266272 bytes to 148841...
Writing at 0x00010000... (10 %)
Writing at 0x0001c5a1... (20 %)
Writing at 0x000247e6... (30 %)
Writing at 0x00029d47... (40 %)
Writing at 0x0002f293... (50 %)
Writing at 0x000348ff... (60 %)
Writing at 0x0003d2a5... (70 %)
Writing at 0x000453a3... (80 %)
Writing at 0x0004aa6f... (90 %)
Writing at 0x00050845... (100 %)
Wrote 266272 bytes (148841 compressed) at 0x00010000 in 2.1 seconds (effective 1004.0 kbit/s)...
Hash of data verified.

Leaving...
Hard resetting via RTS pin...