Executing task: C:\Users\tj\.platformio\penv\Scripts\platformio.exe debug 

Processing debug (platform: https://github.com/pioarduino/platform-espressif32/releases/download/stable/platform-espressif32.zip; framework: arduino; board: yb_esp32s3_eth)
------------------------------------------------------------------------------------------------------------------------------------------------------------
Verbose mode can be enabled via `-v, --verbose` option
CONFIGURATION: https://docs.platformio.org/page/boards/espressif32/yb_esp32s3_eth.html
PLATFORM: Espressif 32 (53.3.11) > YelloByte YB-ESP32-S3-ETH
HARDWARE: ESP32S3 240MHz, 320KB RAM, 4MB Flash
DEBUG: Current (custom) On-board (esp-builtin) External (cmsis-dap, esp-bridge, esp-prog, iot-bus-jtag, jlink, minimodule, olimex-arm-usb-ocd, olimex-arm-usb-ocd-h, olimex-arm-usb-tiny-h, olimex-jtag-tiny, tumpa)
PACKAGES: 
 - framework-arduinoespressif32 @ 3.1.1 
 - framework-arduinoespressif32-libs @ 5.3.0+sha.cfea4f7c98 
 - tool-esptoolpy @ 4.8.5 
 - tool-mklittlefs @ 3.2.0 
 - tool-openocd-esp32 @ 2.1200.20230419 (12.0) 
 - tool-riscv32-esp-elf-gdb @ 14.2.0+20240403 
 - tool-xtensa-esp-elf-gdb @ 14.2.0+20240403 
 - toolchain-riscv32-esp @ 13.2.0+20240530 
 - toolchain-xtensa-esp-elf @ 13.2.0+20240530
LDF: Library Dependency Finder -> https://bit.ly/configure-pio-ldf
LDF Modes: Finder ~ chain, Compatibility ~ soft
Found 42 compatible libraries
Scanning dependencies...
Dependency Graph
|-- SPI @ 3.1.1
Building in debug mode
Compiling .pio\build\debug\src\main.cpp.o
Building .pio\build\debug\bootloader.bin
Generating partitions .pio\build\debug\partitions.bin
esptool.py v4.8.5
Creating esp32s3 image...
Merged 2 ELF sections
Successfully created esp32s3 image.
Compiling .pio\build\debug\libc43\SPI\SPI.cpp.o
Compiling .pio\build\debug\FrameworkArduino\ColorFormat.c.o
Compiling .pio\build\debug\FrameworkArduino\Esp.cpp.o
Compiling .pio\build\debug\FrameworkArduino\FirmwareMSC.cpp.o
Compiling .pio\build\debug\FrameworkArduino\FunctionalInterrupt.cpp.o
Compiling .pio\build\debug\FrameworkArduino\HEXBuilder.cpp.o
Compiling .pio\build\debug\FrameworkArduino\HWCDC.cpp.o
Compiling .pio\build\debug\FrameworkArduino\HardwareSerial.cpp.o
Compiling .pio\build\debug\FrameworkArduino\IPAddress.cpp.o
Compiling .pio\build\debug\FrameworkArduino\MD5Builder.cpp.o
Archiving .pio\build\debug\libc43\libSPI.a
Compiling .pio\build\debug\FrameworkArduino\MacAddress.cpp.o
Compiling .pio\build\debug\FrameworkArduino\Print.cpp.o
Compiling .pio\build\debug\FrameworkArduino\SHA1Builder.cpp.o
Compiling .pio\build\debug\FrameworkArduino\Stream.cpp.o
Compiling .pio\build\debug\FrameworkArduino\StreamString.cpp.o
Compiling .pio\build\debug\FrameworkArduino\Tone.cpp.o
Compiling .pio\build\debug\FrameworkArduino\USB.cpp.o
Compiling .pio\build\debug\FrameworkArduino\USBCDC.cpp.o
Compiling .pio\build\debug\FrameworkArduino\USBMSC.cpp.o
Compiling .pio\build\debug\FrameworkArduino\WMath.cpp.o
Compiling .pio\build\debug\FrameworkArduino\WString.cpp.o
Compiling .pio\build\debug\FrameworkArduino\base64.cpp.o
Compiling .pio\build\debug\FrameworkArduino\cbuf.cpp.o
Compiling .pio\build\debug\FrameworkArduino\chip-debug-report.cpp.o
Compiling .pio\build\debug\FrameworkArduino\esp32-hal-adc.c.o
Compiling .pio\build\debug\FrameworkArduino\esp32-hal-bt.c.o
Compiling .pio\build\debug\FrameworkArduino\esp32-hal-cpu.c.o
Compiling .pio\build\debug\FrameworkArduino\esp32-hal-dac.c.o
Compiling .pio\build\debug\FrameworkArduino\esp32-hal-gpio.c.o
Compiling .pio\build\debug\FrameworkArduino\esp32-hal-i2c-slave.c.o
Compiling .pio\build\debug\FrameworkArduino\esp32-hal-i2c.c.o
Compiling .pio\build\debug\FrameworkArduino\esp32-hal-ledc.c.o
Compiling .pio\build\debug\FrameworkArduino\esp32-hal-matrix.c.o
Compiling .pio\build\debug\FrameworkArduino\esp32-hal-misc.c.o
Compiling .pio\build\debug\FrameworkArduino\esp32-hal-periman.c.o
Compiling .pio\build\debug\FrameworkArduino\esp32-hal-psram.c.o
Compiling .pio\build\debug\FrameworkArduino\esp32-hal-rgb-led.c.o
Compiling .pio\build\debug\FrameworkArduino\esp32-hal-rmt.c.o
Compiling .pio\build\debug\FrameworkArduino\esp32-hal-sigmadelta.c.o
Compiling .pio\build\debug\FrameworkArduino\esp32-hal-spi.c.o
Compiling .pio\build\debug\FrameworkArduino\esp32-hal-time.c.o
Compiling .pio\build\debug\FrameworkArduino\esp32-hal-timer.c.o
Compiling .pio\build\debug\FrameworkArduino\esp32-hal-tinyusb.c.o
Compiling .pio\build\debug\FrameworkArduino\esp32-hal-touch-ng.c.o
Compiling .pio\build\debug\FrameworkArduino\esp32-hal-touch.c.o
Compiling .pio\build\debug\FrameworkArduino\esp32-hal-uart.c.o
Compiling .pio\build\debug\FrameworkArduino\firmware_msc_fat.c.o
Compiling .pio\build\debug\FrameworkArduino\freertos_stats.cpp.o
Compiling .pio\build\debug\FrameworkArduino\libb64\cdecode.c.o
Compiling .pio\build\debug\FrameworkArduino\libb64\cencode.c.o
Compiling .pio\build\debug\FrameworkArduino\main.cpp.o
Compiling .pio\build\debug\FrameworkArduino\stdlib_noniso.c.o
Compiling .pio\build\debug\FrameworkArduino\wiring_pulse.c.o
Compiling .pio\build\debug\FrameworkArduino\wiring_shift.c.o
Archiving .pio\build\debug\libFrameworkArduino.a
Linking .pio\build\debug\firmware.elf
Retrieving maximum program size .pio\build\debug\firmware.elf
Checking size .pio\build\debug\firmware.elf
Advanced Memory Usage is available via "PlatformIO Home > Project Inspect"
RAM:   [=         ]   6.1% (used 20052 bytes from 327680 bytes)
Flash: [===       ]  25.5% (used 334560 bytes from 1310720 bytes)
Building .pio\build\debug\firmware.bin
esptool.py v4.8.5
Creating esp32s3 image...
Merged 2 ELF sections
Successfully created esp32s3 image.
=============================================================== [SUCCESS] Took 19.59 seconds ===============================================================

Environment    Status    Duration
-------------  --------  ------------
debug          SUCCESS   00:00:19.594
=============================================================== 1 succeeded in 00:00:19.594 ===============================================================