undefinedOpen On-Chip Debugger v0.12.0-esp32-20230419 (2023-04-18-22:02)
Licensed under GNU GPL v2
For bug reports, read
	http://openocd.org/doc/doxygen/bugs.html
Info : only one transport option; autoselecting 'jtag'
Info : esp_usb_jtag: VID set to 0x303a and PID to 0x1001
Info : esp_usb_jtag: capabilities descriptor set to 0x2000
Warn : Transport "jtag" was already selected
adapter speed: 5000 kHz
Info : Listening on port 6666 for tcl connections
Info : Listening on port 4444 for telnet connections
Info : esp_usb_jtag: serial (7C:DF:A1:F5:B2:8C)
Info : esp_usb_jtag: Device found. Base speed 40000KHz, div range 1 to 255
Info : clock speed 5000 kHz
Info : JTAG tap: esp32s3.cpu0 tap/device found: 0x120034e5 (mfg: 0x272 (Tensilica), part: 0x2003, ver: 0x1)
Info : JTAG tap: esp32s3.cpu1 tap/device found: 0x120034e5 (mfg: 0x272 (Tensilica), part: 0x2003, ver: 0x1)
Info : starting gdb server for esp32s3.cpu0 on 3333
Info : Listening on port 3333 for gdb connections
Info : [esp32s3.cpu0] Debug controller was reset.
Info : [esp32s3.cpu0] Core was reset.
Info : [esp32s3.cpu1] Debug controller was reset.
Info : [esp32s3.cpu1] Core was reset.
Info : [esp32s3.cpu0] Target halted, PC=0x403797F2, debug_reason=00000000
Info : [esp32s3.cpu0] Reset cause (1) - (Power on reset)
Info : [esp32s3.cpu1] Target halted, PC=0x403797F2, debug_reason=00000000
Info : [esp32s3.cpu1] Reset cause (1) - (Power on reset)
Reading symbols from D:\Projects\Github\ESP32-DevBoards-Getting-Started\boards\YB-ESP32-S3-ETH\examples\PlatformIO\ESP32-S3-ETH-Debug_via_builtin_JTAG\.pio\build\debug\firmware.elf...

warning:
could not convert 'main' from the host encoding (CP1252) to UTF-32.
This normally should not happen, please file a bug report.

Warning: 'set target-async', an alias for the command 'set mi-async', is deprecated.
Use 'set mi-async'.
PlatformIO Unified Debugger -> https://bit.ly/pio-debug
PlatformIO: debug_tool = custom
PlatformIO: Initializing remote target...
Info : accepting 'gdb' connection on tcp/3333
Info : [esp32s3.cpu0] Target halted, PC=0x403797F2, debug_reason=00000000
Info : Set GDB target to 'esp32s3.cpu0'
Info : [esp32s3.cpu1] Target halted, PC=0x403797F2, debug_reason=00000000
Warn : No symbols for FreeRTOS!
Info : [esp32s3.cpu0] Target halted, PC=0x403B244A, debug_reason=00000001
Info : Flash mapping 0: 0x10020 -> 0x3c030020, 81 KB
Info : Flash mapping 1: 0x30020 -> 0x42000020, 168 KB
Info : [esp32s3.cpu0] Target halted, PC=0x403B244A, debug_reason=00000001
Info : Auto-detected flash bank 'esp32s3.cpu0.flash' size 8192 KB
Info : Using flash bank 'esp32s3.cpu0.flash' size 8192 KB
Info : [esp32s3.cpu0] Target halted, PC=0x403B244A, debug_reason=00000001
Info : Flash mapping 0: 0x10020 -> 0x3c030020, 81 KB
Info : Flash mapping 1: 0x30020 -> 0x42000020, 168 KB
Info : Using flash bank 'esp32s3.cpu0.irom' size 172 KB
Info : [esp32s3.cpu0] Target halted, PC=0x403B244A, debug_reason=00000001
Info : Flash mapping 0: 0x10020 -> 0x3c030020, 81 KB
Info : Flash mapping 1: 0x30020 -> 0x42000020, 168 KB
Info : Using flash bank 'esp32s3.cpu0.drom' size 84 KB
Info : New GDB Connection: 1, Target esp32s3.cpu0, state: halted
0x403797f2 in esp_cpu_wait_for_intr () at /home/runner/work/esp32-arduino-lib-builder/esp32-arduino-lib-builder/esp-idf/components/esp_hw_support/cpu.c:64
warning: 64	/home/runner/work/esp32-arduino-lib-builder/esp32-arduino-lib-builder/esp-idf/components/esp_hw_support/cpu.c: No such file or directory
Info : Detected FreeRTOS version: (10.5.1)
** program_esp input args <0x0000 verify> **
** program_esp input args <0x0000 verify> **
Info : JTAG tap: esp32s3.cpu0 tap/device found: 0x120034e5 (mfg: 0x272 (Tensilica), part: 0x2003, ver: 0x1)
Info : JTAG tap: esp32s3.cpu1 tap/device found: 0x120034e
JTAG tap: esp32s3.cpu0 tap/device found: 0x120034e5 (mfg: 0x272 (Tensilica), part: 0x2003, ver: 0x1)
5 (mfg: 0x272 (Tensilica), part: 0x2003, ver: 0x1)
JTAG tap: esp32s3.cpu1 tap/device found: 0x120034e5 (mfg: 0x272 (Tensilica), part: 0x2003, ver: 0x1)
Info : [esp32s3.cpu0] requesting target halt and executing a soft reset
[esp32s3.cpu0] requesting target halt and executing a soft reset
Info : [esp32s3.cpu0] Debug controller was reset.
[esp32s3.cpu0] Debug controller was reset.
Info : [esp32s3.cpu0] Core was reset.
[esp32s3.cpu0] Core was reset.
Info : [esp32s3.cpu0] Target halted, PC=0x500000EF, debug_reason=00000000
[esp32s3.cpu0] Target halted, PC=0x500000EF, debug_reason=00000000
Info : [esp32s3.cpu0] Reset cause (3) - (Software core reset)
[esp32s3.cpu0] Reset cause (3) - (Software core reset)
Info : [esp32s3.cpu1] requesting target halt and executing a soft reset
[esp32s3.cpu1] requesting target halt and executing a soft reset
Info : [esp32s3.cpu0] Core was reset.
[esp32s3.cpu0] Core was reset.
Info : [esp32s3.cpu0] Target halted, PC=0x40000400, debug_reason=00000000
[esp32s3.cpu0] Target halted, PC=0x40000400, debug_reason=00000000
Info : [esp32s3.cpu1] Debug controller was reset.
[esp32s3.cpu1] Debug controller was reset.
I
[esp32s3.cpu1] Core was reset.
nfo : [esp32s3.cpu1] Core was reset.
Info : [esp32s3.cpu1] Target halted, PC=0x40000400, debug_reason=00000000
[esp32s3.cpu1] Target halted, PC=0x40000400, debug_reason=00000000
Info : [esp32s3.cpu1] Reset cause (3) - (Software core reset)
[esp32s3.cpu1] Reset cause (3) - (Software core reset)
Info : [esp32s3.cpu0] Reset cause (3) - (Software core reset)
[esp32s3.cpu0] Reset cause (3) - (Software core reset)
Info : [esp32s3.cpu0] Target halted, PC=0x403B244A, debug_reason=00000001
[esp32s3.cpu0] Target halted, PC=0x403B244A, debug_reason=00000001
Info : Flash mapping 0: 0x10020 -> 0x3c030020, 81 KB
Flash mapping 0: 0x10020 -> 0x3c030020, 81 KB
Info : Flash mapping 1: 0x30020 -> 0x42000020, 168 KB
Flash mapping 1: 0x30020 -> 0x42000020, 168 KB
Info : [esp32s3.cpu0] Target halted, PC=0x403B244A, debug_reason=00000001
[esp32s3.cpu0] Target halted, PC=0x403B244A, debug_reason=00000001
I
Auto-detected flash bank 'esp32s3.cpu1.flash' size 8192 KB
Using flash bank 'esp32s3.cpu1.flash' size 8192 KB
nfo : Auto-detected flash bank 'esp32s3.cpu1.flash' size 8192 KB
Info : Using flash bank 'esp32s3.cpu1.flash' size 8192 KB
** Programming Started **
** Programming Started **
Info : [esp32s3.cpu0] Target halted, PC=0x403B244A, debug_reason=00000001
[esp32s3.cpu0] Target halted, PC=0x403B244A, debug_reason=00000001
Info : [esp32s3.cpu0] Target halted, PC=0x403B244A, debug_reason=00000001
[esp32s3.cpu0] Target halted, PC=0x403B244A, debug_reason=00000001
Info : PROF: Erased 20480 bytes in 372.411 ms
PROF: Erased 20480 bytes in 372.411 ms
Info : PROF: Data transferred in 216.402 ms @ 92.4206 KB/s
PROF: Data transferred in 216.402 ms @ 92.4206 KB/s
Info : [esp32s3.cpu0] Target halted, PC=0x403B244A, debug_reason=00000001
[esp32s3.cpu0] Target halted, PC=0x403B244A, debug_reason=00000001
Info : PROF: Wrote 20480 bytes in 546.011 ms (data transfer time included)
PROF: Wrote 20480 bytes in 546.011 ms (data transfer time included)
*
** Programming Finished in 2121 ms **
** Verify Started **
* Programming Finished in 2121 ms **
** Verify Started **
Info : [esp32s3.cpu0] Target halted, PC=0x403B244A, debug_reason=00000001
[esp32s3.cpu0] Target halted, PC=0x403B244A, debug_reason=00000001
Info : PROF: Flash verified in 133.055 ms
PROF: Flash verified in 133.055 ms
** Verify OK **
** Verify OK **
** program_esp input args <0x8000 verify> **
** program_esp input args <0x8000 verify> **
Info : JTAG tap: esp32s3.cpu0 tap/device found: 0x120034e5 (mfg: 0x272 (Tensilica), part: 0x2003, ver: 0x1)
Info : JTAG tap: esp32s3.cpu1 tap/device found: 0x120034e5 (mfg: 0x272 (Tensilica),
JTAG tap: esp32s3.cpu0 tap/device found: 0x120034e5 (mfg: 0x272 (Tensilica), part: 0x2003, ver: 0x1)
 part: 0x2003, ver: 0x1)
JTAG tap: esp32s3.cpu1 tap/device found: 0x120034e5 (mfg: 0x272 (Tensilica), part: 0x2003, ver: 0x1)
Info : [esp32s3.cpu0] requesting target halt and executing a soft reset
[esp32s3.cpu0] requesting target halt and executing a soft reset
Info : [esp32s3.cpu0] Debug controller was reset.
[esp32s3.cpu0] Debug controller was reset.
Info : [esp32s3.cpu0] Core was reset.
[esp32s3.cpu0] Core was reset.
Info : [esp32s3.cpu0] Target halted, PC=0x500000EF, debug_reason=00000000
[esp32s3.cpu0] Target halted, PC=0x500000EF, debug_reason=00000000
Info : [esp32s3.cpu0] Reset cause (3) - (Software core reset)
[esp32s3.cpu0] Reset cause (3) - (Software core reset)
Info : [esp32s3.cpu1] requesting target halt and executing a soft reset
[esp32s3.cpu1] requesting target halt and executing a soft reset
Info : [esp32s3.cpu0] Core was reset.
[esp32s3.cpu0] Core was reset.
Info : [esp32s3.cpu0] Target halted, PC=0x40000400, debug_reason=00000000
[esp32s3.cpu0] Target halted, PC=0x40000400, debug_reason=00000000
Info : [esp32s3.cpu1] Debug controller was reset.
[esp32s3.cpu1] Debug controller was reset.
Info : [esp32s3.cpu1] Core was reset.
[esp32s3.cpu1] Core was reset.
Info : [esp32s3.cpu1] Target halted, PC=0x40000400, debug_reason=00000000
[esp32s3.cpu1] Target halted, PC=0x40000400, debug_reason=00000000
Info : [esp32s3.cpu1] Reset cause (3) - (Software core reset)
[esp32s3.cpu1] Reset cause (3) - (Software core reset)
Info : [esp32s3.cpu0] Reset cause (3) - (Software core reset)
[esp32s3.cpu0] Reset cause (3) - (Software core reset)
** Programming Started **
** Programming Started **
Info : [esp32s3.cpu0] Target halted, PC=0x403B244A, debug_reason=00000001
[esp32s3.cpu0] Target halted, PC=0x403B244A, debug_reason=00000001
Info : [esp32s3.cpu0] Target halted, PC=0x403B244A, debug_reason=00000001
[esp32s3.cpu0] Target halted, PC=0x403B244A, debug_reason=00000001
Info : PROF: Erased 4096 bytes in 177.373 ms
PROF: Erased 4096 bytes in 177.373 ms
I
PROF: Data transferred in 53.124 ms @ 75.2955 KB/s
nfo : PROF: Data transferred in 53.124 ms @ 75.2955 KB/s
Info : [esp32s3.cpu0] Target halted, PC=0x403B244A, debug_reason=00000001
[esp32s3.cpu0] Target halted, PC=0x403B244A, debug_reason=00000001
Info : PROF: Wrote 4096 bytes in 373.085 ms (data transfer time included)
PROF: Wrote 4096 bytes in 373.085 ms (data transfer time included)
** Programming Finished in 1165 ms **
** Verify Started **
** Programming Finished in 1165 ms **
** Verify Started **
Info : [esp32s3.cpu0] Target halted, PC=0x403B244A, debug_reason=00000001
[esp32s3.cpu0] Target halted, PC=0x403B244A, debug_reason=00000001
Info : PROF: Flash verified in 129.494 ms
PROF: Flash verified in 129.494 ms
** Verify OK **
** Verify OK **
** program_esp input args <0xe000 verify> **
** program_esp input args <0xe000 verify> **
Info : JTAG tap: esp32s3.cpu0 tap/device found: 0x120034e5 (mfg: 0x272 (Tensilica), part: 0x2003, ver: 0x1)
Info : JTAG tap: e
JTAG tap: esp32s3.cpu0 tap/device found: 0x120034e5 (mfg: 0x272 (Tensilica), part: 0x2003, ver: 0x1)
sp32s3.cpu1 tap/device found: 0x120034e5 (mfg: 0x272 (Tensilica), part: 0x2003, ver: 0x1)
JTAG tap: esp32s3.cpu1 tap/device found: 0x120034e5 (mfg: 0x272 (Tensilica), part: 0x2003, ver: 0x1)
Info : [esp32s3.cpu0] requesting target halt and executing a soft reset
[esp32s3.cpu0] requesting target halt and executing a soft reset
Info : [esp32s3.cpu0] Debug controller was reset.
[esp32s3.cpu0] Debug controller was reset.
I
[esp32s3.cpu0] Core was reset.
nfo : [esp32s3.cpu0] Core was reset.
Info : [esp32s3.cpu0] Target halted, PC=0x500000EF, debug_reason=00000000
[esp32s3.cpu0] Target halted, PC=0x500000EF, debug_reason=00000000
Info : [esp32s3.cpu0] Reset cause (3) - (Software core reset)
[esp32s3.cpu0] Reset cause (3) - (Software core reset)
Info : [esp32s3.cpu1] requesting target halt and executing a soft reset
[esp32s3.cpu1] requesting target halt and executing a soft reset
Info : [esp32s3.cpu0] Core was reset.
[esp32s3.cpu0] Core was reset.
Info : [esp32s3.cpu0] Target halted, PC=0x40000400, debug_reason=00000000
[esp32s3.cpu0] Target halted, PC=0x40000400, debug_reason=00000000
I
[esp32s3.cpu1] Debug controller was reset.
nfo : [esp32s3.cpu1] Debug controller was reset.
Info : [esp32s3.cpu1] Core was reset.
[esp32s3.cpu1] Core was reset.
Info : [esp32s3.cpu1] Target halted, PC=0x40000400, debug_reason=00000000
[esp32s3.cpu1] Target halted, PC=0x40000400, debug_reason=00000000
Info : [esp32s3.cpu1] Reset cause (3) - (Software core reset)
[esp32s3.cpu1] Reset cause (3) - (Software core reset)
Info : [esp32s3.cpu0] Reset cause (3) - (Software core reset)
[esp32s3.cpu0] Reset cause (3) - (Software core reset)
** Programming Started **
** Programming Started **
Info : [esp32s3.cpu0] Target halted, PC=0x403B244A, debug_reason=00000001
[esp32s3.cpu0] Target halted, PC=0x403B244A, debug_reason=00000001
Info : [esp32s3.cpu0] Target halted, PC=0x403B244A, debug_reason=00000001
[esp32s3.cpu0] Target halted, PC=0x403B244A, debug_reason=00000001
Info : PROF: Erased 8192 bytes in 234.32 ms
PROF: Erased 8192 bytes in 234.32 ms
Info : PROF: Data transferred in 82.871 ms @ 96.5356 KB/s
PROF: Data transferred in 82.871 ms @ 96.5356 KB/s
Info : [esp32s3.cpu0] Target halted, PC=0x403B244A, debug_reason=00000001
[esp32s3.cpu0] Target halted, PC=0x403B244A, debug_reason=00000001
Info : PROF: Wrote 8192 bytes in 408.53 ms (data transfer time included)
PROF: Wrote 8192 bytes in 408.53 ms (data transfer time included)
** Programming Finished in 1255 ms **
*
** Programming Finished in 1255 ms **
** Verify Started **
* Verify Started **
Info : [esp32s3.cpu0] Target halted, PC=0x403B244A, debug_reason=00000001
[esp32s3.cpu0] Target halted, PC=0x403B244A, debug_reason=00000001
Info : PROF: Flash verified in 124.588 ms
PROF: Flash verified in 124.588 ms
** Verify OK **
** Verify OK **
** program_esp input args <0x10000 verify> **
** program_esp input args <0x10000 verify> **
Info : JTAG tap: esp32s3.cpu0 tap/device found: 0x120034e5 (mfg: 0x272 (Tensilica), part: 0x2003, ver: 0x1)
Info : JTAG tap: esp32s3.cpu1 tap/device found: 0x120034e
JTAG tap: esp32s3.cpu0 tap/device found: 0x120034e5 (mfg: 0x272 (Tensilica), part: 0x2003, ver: 0x1)
5 (mfg: 0x272 (Tensilica), part: 0x2003, ver: 0x1)
JTAG tap: esp32s3.cpu1 tap/device found: 0x120034e5 (mfg: 0x272 (Tensilica), part: 0x2003, ver: 0x1)
Info : [esp32s3.cpu0] requesting target halt and executing a soft reset
[esp32s3.cpu0] requesting target halt and executing a soft reset
Info : [esp32s3.cpu0] Debug controller was reset.
[esp32s3.cpu0] Debug controller was reset.
Info : [esp32s3.cpu0] Core was reset.
[esp32s3.cpu0] Core was reset.
Info : [esp32s3.cpu0] Target halted, PC=0x500000EF, debug_reason=00000000
[esp32s3.cpu0] Target halted, PC=0x500000EF, debug_reason=00000000
Info : [esp32s3.cpu0] Reset cause (3) - (Software core reset)
[esp32s3.cpu0] Reset cause (3) - (Software core reset)
Info : [esp32s3.cpu1] requesting target halt and executing a soft reset
[esp32s3.cpu1] requesting target halt and executing a soft reset
Info : [esp32s3.cpu0] Core was reset.
[esp32s3.cpu0] Core was reset.
Info : [esp32s3.cpu0] Target halted, PC=0x40000400, debug_reason=00000000
[esp32s3.cpu0] Target halted, PC=0x40000400, debug_reason=00000000
Info : [esp32s3.cpu1] Debug controller was reset.
[esp32s3.cpu1] Debug controller was reset.
Info : [esp32s3.cpu1] Core was reset.
[esp32s3.cpu1] Core was reset.
Info : [esp32s3.cpu1] Target halted, PC=0x40000400, debug_reason=00000000
[esp32s3.cpu1] Target halted, PC=0x40000400, debug_reason=00000000
Info : [esp32s3.cpu1] Reset cause (3) - (Software core reset)
[esp32s3.cpu1] Reset cause (3) - (Software core reset)
Info : [esp32s3.cpu0] Reset cause (3) - (Software core reset)
[esp32s3.cpu0] Reset cause (3) - (Software core reset)
*
** Programming Started **
* Programming Started **
Info : [esp32s3.cpu0] Target halted, PC=0x403B244A, debug_reason=00000001
[esp32s3.cpu0] Target halted, PC=0x403B244A, debug_reason=00000001
Info : [esp32s3.cpu0] Target halted, PC=0x403B244A, debug_reason=00000001
[esp32s3.cpu0] Target halted, PC=0x403B244A, debug_reason=00000001
Info : PROF: Erased 335872 bytes in 1782.46 ms
PROF: Erased 335872 bytes in 1782.46 ms
Info : PROF: Data transferred in 3234.9 ms @ 101.394 KB/s
PROF: Data transferred in 3234.9 ms @ 101.394 KB/s
Info : [esp32s3.cpu0] Target halted, PC=0x403B244A, debug_reason=00000001
[esp32s3.cpu0] Target halted, PC=0x403B244A, debug_reason=00000001
Info : PROF: Wrote 335872 bytes in 3623.29 ms (data transfer time included)
PROF: Wrote 335872 bytes in 3623.29 ms (data transfer time included)
** Programming Finished in 6016 ms **
** Verify Started **
** Programming Finished in 6016 ms **
** Verify Started **
Info : [esp32s3.cpu0] Target halted, PC=0x403B244A, debug_reason=00000001
[esp32s3.cpu0] Target halted, PC=0x403B244A, debug_reason=00000001
I
PROF: Flash verified in 300.623 ms
nfo : PROF: Flash verified in 300.623 ms
** Verify OK **
** Verify OK **
Info : JTAG tap: esp32s3.cpu0 tap/device found: 0x120034e5 (mfg: 0x272 (Tensilica), part: 0x2003, ver: 0x1)
Info : JTAG tap: esp32s3.cpu1 tap/device fou
JTAG tap: esp32s3.cpu0 tap/device found: 0x120034e5 (mfg: 0x272 (Tensilica), part: 0x2003, ver: 0x1)
nd: 0x120034e5 (mfg: 0x272 (Tensilica), part: 0x2003, ver: 0x1)
JTAG tap: esp32s3.cpu1 tap/device found: 0x120034e5 (mfg: 0x272 (Tensilica), part: 0x2003, ver: 0x1)
Info : [esp32s3.cpu0] requesting target halt and executing a soft reset
[esp32s3.cpu0] requesting target halt and executing a soft reset
Info : [esp32s3.cpu0] Debug controller was reset.
[esp32s3.cpu0] Debug controller was reset.
Info : [esp32s3.cpu0] Core was reset.
[esp32s3.cpu0] Core was reset.
Info : [esp32s3.cpu0] Target halted, PC=0x500000EF, debug_reason=00000000
[esp32s3.cpu0] Target halted, PC=0x500000EF, debug_reason=00000000
Info : [esp32s3.cpu0] Reset cause (3) - (Software core reset)
[esp32s3.cpu0] Reset cause (3) - (Software core reset)
Info : [esp32s3.cpu1] requesting target halt and executing a soft reset
[esp32s3.cpu1] requesting target halt and executing a soft reset
Info : [esp32s3.cpu0] Core was reset.
[esp32s3.cpu0] Core was reset.
Info : [esp32s3.cpu0] Target halted, PC=0x40000400, debug_reason=00000000
[esp32s3.cpu0] Target halted, PC=0x40000400, debug_reason=00000000
Info : [esp32s3.cpu1] Debug controller was reset.
[esp32s3.cpu1] Debug controller was reset.
Info : [esp32s3.cpu1] Core was reset.
[esp32s3.cpu1] Core was reset.
Info : [esp32s3.cpu1] Target halted, PC=0x40000400, debug_reason=00000000
[esp32s3.cpu1] Target halted, PC=0x40000400, debug_reason=00000000
Info : [esp32s3.cpu1] Reset cause (3) - (Software core reset)
[esp32s3.cpu1] Reset cause (3) - (Software core reset)
Info : [esp32s3.cpu0] Reset cause (3) - (Software core reset)
[esp32s3.cpu0] Reset cause (3) - (Software core reset)
Temporary breakpoint 1 at 0x42001e28: file src/main.cpp, line 17.
Note: automatically using hardware breakpoints for read-only addresses.
PlatformIO: Initialization completed
PlatformIO: Resume the execution to `debug_init_break = tbreak setup`
PlatformIO: More configuration options -> https://bit.ly/pio-debug
Info : [esp32s3.cpu1] Debug controller was reset.
[esp32s3.cpu1] Debug controller was reset.
Info : [esp32s3.cpu1] Core was reset.
[esp32s3.cpu1] Core was reset.
I
[esp32s3.cpu1] Target halted, PC=0x4200433A, debug_reason=00000000
nfo : [esp32s3.cpu1] Target halted, PC=0x4200433A, debug_reason=00000000
Info : [esp32s3.cpu1] Reset cause (3) - (Software core reset)
[esp32s3.cpu1] Reset cause (3) - (Software core reset)
Info : [esp32s3.cpu0] Target halted, PC=0x403797F2, debug_reason=00000000
[esp32s3.cpu0] Target halted, PC=0x403797F2, debug_reason=00000000
Info : Set GDB target to 'esp32s3.cpu0'
Set GDB target to 'esp32s3.cpu0'
Info : [esp32s3.cpu1] Target halted, PC=0x42001E28, debug_reason=00000001
[esp32s3.cpu1] Target halted, PC=0x42001E28, debug_reason=00000001
Info : Detected FreeRTOS version: (10.5.1)
[New Thread 1070213452]
[Remote target exited]
[New Thread 1070198760]
[New Thread 1070200228]
[New Thread 1070180440]
[New Thread 1070181848]
[New Thread 1070203732]
[New Thread 1070191260]
[Switching to Thread 1070213452]

Thread 2 "loopTask" hit Temporary breakpoint 1, setup () at src/main.cpp:17
17	void setup() {
