Executing task: C:\Users\tj\.platformio\penv\Scripts\platformio.exe run --target upload --upload-port COM8 

Processing debug (platform: https://github.com/pioarduino/platform-espressif32/releases/download/stable/platform-espressif32.zip; framework: arduino; board: yb_esp32s3_amp_v3)
---------------------------------------------------------------------------------------------------------------------------------------------------------
Verbose mode can be enabled via `-v, --verbose` option
CONFIGURATION: https://docs.platformio.org/page/boards/espressif32/yb_esp32s3_amp_v3.html
PLATFORM: Espressif 32 (53.3.11) > YelloByte YB-ESP32-S3-AMP (Rev.3)
HARDWARE: ESP32S3 240MHz, 320KB RAM, 8MB Flash
DEBUG: Current (custom) External (cmsis-dap, esp-bridge, esp-builtin, esp-prog, iot-bus-jtag, jlink, minimodule, olimex-arm-usb-ocd, olimex-arm-usb-ocd-h, olimex-arm-usb-tiny-h, olimex-jtag-tiny, tumpa)
PACKAGES:
 - framework-arduinoespressif32 @ 3.1.1
 - framework-arduinoespressif32-libs @ 5.3.0+sha.cfea4f7c98
 - tool-esptoolpy @ 4.8.5
 - tool-mkfatfs @ 2.0.1
 - tool-mklittlefs @ 3.2.0
 - tool-mkspiffs @ 2.230.0 (2.30)
 - tool-openocd-esp32 @ 2.1200.20230419 (12.0)
 - tool-riscv32-esp-elf-gdb @ 14.2.0+20240403
 - tool-xtensa-esp-elf-gdb @ 14.2.0+20240403
 - toolchain-riscv32-esp @ 13.2.0+20240530
 - toolchain-xtensa-esp-elf @ 13.2.0+20240530
LDF: Library Dependency Finder -> https://bit.ly/configure-pio-ldf
LDF Modes: Finder ~ chain, Compatibility ~ soft
Found 41 compatible libraries
Scanning dependencies...
No dependencies
Building in debug mode
Compiling .pio\build\debug\src\main.cpp.o
Linking .pio\build\debug\firmware.elf
Retrieving maximum program size .pio\build\debug\firmware.elf
Checking size .pio\build\debug\firmware.elf
Advanced Memory Usage is available via "PlatformIO Home > Project Inspect"
RAM:   [=         ]   6.1% (used 19984 bytes from 327680 bytes)
Flash: [=         ]   9.2% (used 308324 bytes from 3342336 bytes)
Building .pio\build\debug\firmware.bin
esptool.py v4.8.5
Creating esp32s3 image...
Merged 2 ELF sections
Successfully created esp32s3 image.
Configuring upload protocol...
AVAILABLE: cmsis-dap, esp-bridge, esp-builtin, esp-prog, espota, esptool, iot-bus-jtag, jlink, minimodule, olimex-arm-usb-ocd, olimex-arm-usb-ocd-h, olimex-arm-usb-tiny-h, olimex-jtag-tiny, tumpa
CURRENT: upload_protocol = esptool
Looking for upload port...
Using manually specified: COM8
Uploading .pio\build\debug\firmware.bin
esptool.py v4.8.5
Serial port COM8
Connecting...
Chip is ESP32-S3 (QFN56) (revision v0.2)
Features: WiFi, BLE, Embedded PSRAM 2MB (AP_3v3)
Crystal is 40MHz
MAC: 3c:84:27:31:a2:38
Uploading stub...
Running stub...
Stub running...
Changing baud rate to 921600
Changed.
Configuring flash size...
Auto-detected Flash size: 8MB
Flash will be erased from 0x00000000 to 0x00004fff...
Flash will be erased from 0x00008000 to 0x00008fff...
Flash will be erased from 0x0000e000 to 0x0000ffff...
Flash will be erased from 0x00010000 to 0x0005bfff...
SHA digest in image updated
Compressed 20160 bytes to 12987...
Writing at 0x00000000... (100 %)
Wrote 20160 bytes (12987 compressed) at 0x00000000 in 0.3 seconds (effective 547.1 kbit/s)...
Hash of data verified.
Compressed 3072 bytes to 146...
Writing at 0x00008000... (100 %)
Wrote 3072 bytes (146 compressed) at 0x00008000 in 0.0 seconds (effective 553.5 kbit/s)...
Hash of data verified.
Compressed 8192 bytes to 47...
Writing at 0x0000e000... (100 %)
Wrote 8192 bytes (47 compressed) at 0x0000e000 in 0.1 seconds (effective 769.8 kbit/s)...
Hash of data verified.
Compressed 308688 bytes to 162921...
Writing at 0x00010000... (10 %)
Writing at 0x0001c252... (20 %)
Writing at 0x00028c40... (30 %)
Writing at 0x0002e424... (40 %)
Writing at 0x00034331... (50 %)
Writing at 0x00039bfc... (60 %)
Writing at 0x0003f48c... (70 %)
Writing at 0x00044bef... (80 %)
Writing at 0x0004c2dc... (90 %)
Writing at 0x000559e7... (100 %)
Wrote 308688 bytes (162921 compressed) at 0x00010000 in 2.4 seconds (effective 1034.5 kbit/s)...
Hash of data verified.

Leaving...
Hard resetting with RTC WDT...
============================================================== [SUCCESS] Took 9.99 seconds ==============================================================

Environment    Status    Duration
-------------  --------  ------------
debug          SUCCESS   00:00:09.989
============================================================== 1 succeeded in 00:00:09.989 ==============================================================