Executing task: C:\Users\tj\.platformio\penv\Scripts\platformio.exe run 

Processing debug (board: esp32-s3-devkitc-1; platform: espressif32; framework: arduino)
--------------------------------------------------------------------------------------------------------------------------------------------------------------------------------------------------------
Verbose mode can be enabled via `-v, --verbose` option
CONFIGURATION: https://docs.platformio.org/page/boards/espressif32/esp32-s3-devkitc-1.html
PLATFORM: Espressif 32 (6.1.0) > Espressif ESP32-S3-DevKitC-1-N8 (8 MB QD, No PSRAM)
HARDWARE: ESP32S3 240MHz, 320KB RAM, 8MB Flash
DEBUG: Current (custom) On-board (esp-builtin) External (cmsis-dap, esp-bridge, esp-prog, iot-bus-jtag, jlink, minimodule, olimex-arm-usb-ocd, olimex-arm-usb-ocd-h, olimex-arm-usb-tiny-h, olimex-jtag-tiny, tumpa)
PACKAGES: 
 - framework-arduinoespressif32 @ 3.20007.0 (2.0.7) 
 - tool-esptoolpy @ 1.40500.0 (4.5.0) 
 - tool-openocd-esp32 @ 2.1200.20230419 (12.0) 
 - toolchain-riscv32-esp @ 8.4.0+2021r2-patch5 
 - toolchain-xtensa-esp32s3 @ 8.4.0+2021r2-patch5
LDF: Library Dependency Finder -> https://bit.ly/configure-pio-ldf
LDF Modes: Finder ~ chain, Compatibility ~ soft
Found 62 compatible libraries
Scanning dependencies...
No dependencies
Building in debug mode
Compiling .pio\build\debug\src\main.cpp.o
Building .pio\build\debug\bootloader.bin
Generating partitions .pio\build\debug\partitions.bin
esptool.py v4.5
Creating esp32s3 image...
Merged 1 ELF section
Successfully created esp32s3 image.
Compiling .pio\build\debug\FrameworkArduino\Esp.cpp.o
Compiling .pio\build\debug\FrameworkArduino\FirmwareMSC.cpp.o
Compiling .pio\build\debug\FrameworkArduino\FunctionalInterrupt.cpp.o
Compiling .pio\build\debug\FrameworkArduino\HWCDC.cpp.o
Compiling .pio\build\debug\FrameworkArduino\HardwareSerial.cpp.o
Compiling .pio\build\debug\FrameworkArduino\IPAddress.cpp.o
Compiling .pio\build\debug\FrameworkArduino\IPv6Address.cpp.o
Compiling .pio\build\debug\FrameworkArduino\MD5Builder.cpp.o
Compiling .pio\build\debug\FrameworkArduino\Print.cpp.o
Compiling .pio\build\debug\FrameworkArduino\Stream.cpp.o
Compiling .pio\build\debug\FrameworkArduino\StreamString.cpp.o
Compiling .pio\build\debug\FrameworkArduino\Tone.cpp.o
Compiling .pio\build\debug\FrameworkArduino\USB.cpp.o
Compiling .pio\build\debug\FrameworkArduino\USBCDC.cpp.o
Compiling .pio\build\debug\FrameworkArduino\USBMSC.cpp.o
Compiling .pio\build\debug\FrameworkArduino\WMath.cpp.o
Compiling .pio\build\debug\FrameworkArduino\WString.cpp.o
Compiling .pio\build\debug\FrameworkArduino\base64.cpp.o
Compiling .pio\build\debug\FrameworkArduino\cbuf.cpp.o
Compiling .pio\build\debug\FrameworkArduino\esp32-hal-adc.c.o
Compiling .pio\build\debug\FrameworkArduino\esp32-hal-bt.c.o
Compiling .pio\build\debug\FrameworkArduino\esp32-hal-cpu.c.o
Compiling .pio\build\debug\FrameworkArduino\esp32-hal-dac.c.o
Compiling .pio\build\debug\FrameworkArduino\esp32-hal-gpio.c.o
Compiling .pio\build\debug\FrameworkArduino\esp32-hal-i2c-slave.c.o
Compiling .pio\build\debug\FrameworkArduino\esp32-hal-i2c.c.o
Compiling .pio\build\debug\FrameworkArduino\esp32-hal-ledc.c.o
Compiling .pio\build\debug\FrameworkArduino\esp32-hal-matrix.c.o
Compiling .pio\build\debug\FrameworkArduino\esp32-hal-misc.c.o
Compiling .pio\build\debug\FrameworkArduino\esp32-hal-psram.c.o
Compiling .pio\build\debug\FrameworkArduino\esp32-hal-rgb-led.c.o
Compiling .pio\build\debug\FrameworkArduino\esp32-hal-rmt.c.o
Compiling .pio\build\debug\FrameworkArduino\esp32-hal-sigmadelta.c.o
Compiling .pio\build\debug\FrameworkArduino\esp32-hal-spi.c.o
Compiling .pio\build\debug\FrameworkArduino\esp32-hal-time.c.o
Compiling .pio\build\debug\FrameworkArduino\esp32-hal-timer.c.o
Compiling .pio\build\debug\FrameworkArduino\esp32-hal-tinyusb.c.o
Compiling .pio\build\debug\FrameworkArduino\esp32-hal-touch.c.o
Compiling .pio\build\debug\FrameworkArduino\esp32-hal-uart.c.o
Compiling .pio\build\debug\FrameworkArduino\firmware_msc_fat.c.o
Compiling .pio\build\debug\FrameworkArduino\libb64\cdecode.c.o
Compiling .pio\build\debug\FrameworkArduino\libb64\cencode.c.o
Compiling .pio\build\debug\FrameworkArduino\main.cpp.o
Compiling .pio\build\debug\FrameworkArduino\stdlib_noniso.c.o
Compiling .pio\build\debug\FrameworkArduino\wiring_pulse.c.o
Compiling .pio\build\debug\FrameworkArduino\wiring_shift.c.o
Archiving .pio\build\debug\libFrameworkArduino.a
Linking .pio\build\debug\firmware.elf
Retrieving maximum program size .pio\build\debug\firmware.elf
Checking size .pio\build\debug\firmware.elf
Advanced Memory Usage is available via "PlatformIO Home > Project Inspect"
RAM:   [=         ]   6.1% (used 20000 bytes from 327680 bytes)
Flash: [==        ]  21.0% (used 275629 bytes from 1310720 bytes)
Building .pio\build\debug\firmware.bin
esptool.py v4.5
Creating esp32s3 image...
Merged 2 ELF sections
Successfully created esp32s3 image.
===================================================================================== [SUCCESS] Took 9.35 seconds =====================================================================================

Environment    Status    Duration
-------------  --------  ------------
debug          SUCCESS   00:00:09.353
===================================================================================== 1 succeeded in 00:00:09.353 =====================================================================================