
FQBN: esp32:esp32:esp32s3:FlashSize=8M,PartitionScheme=default_8MB,DebugLevel=info,PSRAM=enabled
Using board 'esp32s3' from platform in folder: C:\Users\tj\AppData\Local\Arduino15\packages\esp32\hardware\esp32\3.0.7
Using core 'esp32' from platform in folder: C:\Users\tj\AppData\Local\Arduino15\packages\esp32\hardware\esp32\3.0.7

cmd /c if exist "D:\\Projects\\Github\\ESP32-DevBoards-Getting-Started\\boards\\YB-ESP32-S3-ETH\\examples\\ArduinoIDE\\ESP32-S3-ETH-RAM-PSRAM\\partitions.csv" COPY /y "D:\\Projects\\Github\\ESP32-DevBoards-Getting-Started\\boards\\YB-ESP32-S3-ETH\\examples\\ArduinoIDE\\ESP32-S3-ETH-RAM-PSRAM\\partitions.csv" "C:\\Users\\tj\\AppData\\Local\\arduino\\sketches\\A0AC3703356BF8692A229CDDF71C55FE\\partitions.csv"
cmd /c if not exist "C:\\Users\\tj\\AppData\\Local\\arduino\\sketches\\A0AC3703356BF8692A229CDDF71C55FE\\partitions.csv" if exist "C:\\Users\\tj\\AppData\\Local\\Arduino15\\packages\\esp32\\hardware\\esp32\\3.0.7\\variants\\esp32s3\\partitions.csv" COPY "C:\\Users\\tj\\AppData\\Local\\Arduino15\\packages\\esp32\\hardware\\esp32\\3.0.7\\variants\\esp32s3\\partitions.csv" "C:\\Users\\tj\\AppData\\Local\\arduino\\sketches\\A0AC3703356BF8692A229CDDF71C55FE\\partitions.csv"
cmd /c if not exist "C:\\Users\\tj\\AppData\\Local\\arduino\\sketches\\A0AC3703356BF8692A229CDDF71C55FE\\partitions.csv" COPY "C:\\Users\\tj\\AppData\\Local\\Arduino15\\packages\\esp32\\hardware\\esp32\\3.0.7\\tools\\partitions\\default_8MB.csv" "C:\\Users\\tj\\AppData\\Local\\arduino\\sketches\\A0AC3703356BF8692A229CDDF71C55FE\\partitions.csv"
        1 Datei(en) kopiert.
cmd /c IF EXIST "D:\\Projects\\Github\\ESP32-DevBoards-Getting-Started\\boards\\YB-ESP32-S3-ETH\\examples\\ArduinoIDE\\ESP32-S3-ETH-RAM-PSRAM\\bootloader.bin" ( COPY /y "D:\\Projects\\Github\\ESP32-DevBoards-Getting-Started\\boards\\YB-ESP32-S3-ETH\\examples\\ArduinoIDE\\ESP32-S3-ETH-RAM-PSRAM\\bootloader.bin" "C:\\Users\\tj\\AppData\\Local\\arduino\\sketches\\A0AC3703356BF8692A229CDDF71C55FE\\ESP32-S3-ETH-RAM-PSRAM.ino.bootloader.bin" ) ELSE ( IF EXIST "C:\\Users\\tj\\AppData\\Local\\Arduino15\\packages\\esp32\\hardware\\esp32\\3.0.7\\variants\\esp32s3\\bootloader.bin" ( COPY "C:\\Users\\tj\\AppData\\Local\\Arduino15\\packages\\esp32\\hardware\\esp32\\3.0.7\\variants\\esp32s3\\bootloader.bin" "C:\\Users\\tj\\AppData\\Local\\arduino\\sketches\\A0AC3703356BF8692A229CDDF71C55FE\\ESP32-S3-ETH-RAM-PSRAM.ino.bootloader.bin" ) ELSE ( "C:\\Users\\tj\\AppData\\Local\\Arduino15\\packages\\esp32\\tools\\esptool_py\\4.6\\esptool.exe" --chip esp32s3 elf2image --flash_mode dio --flash_freq 80m --flash_size 8MB -o "C:\\Users\\tj\\AppData\\Local\\arduino\\sketches\\A0AC3703356BF8692A229CDDF71C55FE\\ESP32-S3-ETH-RAM-PSRAM.ino.bootloader.bin" "C:\\Users\\tj\\AppData\\Local\\Arduino15\\packages\\esp32\\tools\\esp32-arduino-libs\\idf-release_v5.1-632e0c2a\\esp32s3\\bin\\bootloader_qio_80m.elf" ) )
esptool.py v4.6
Creating esp32s3 image...
Merged 1 ELF section
Successfully created esp32s3 image.
cmd /c if exist "D:\\Projects\\Github\\ESP32-DevBoards-Getting-Started\\boards\\YB-ESP32-S3-ETH\\examples\\ArduinoIDE\\ESP32-S3-ETH-RAM-PSRAM\\build_opt.h" COPY /y "D:\\Projects\\Github\\ESP32-DevBoards-Getting-Started\\boards\\YB-ESP32-S3-ETH\\examples\\ArduinoIDE\\ESP32-S3-ETH-RAM-PSRAM\\build_opt.h" "C:\\Users\\tj\\AppData\\Local\\arduino\\sketches\\A0AC3703356BF8692A229CDDF71C55FE\\build_opt.h"
cmd /c if not exist "C:\\Users\\tj\\AppData\\Local\\arduino\\sketches\\A0AC3703356BF8692A229CDDF71C55FE\\build_opt.h" type nul > "C:\\Users\\tj\\AppData\\Local\\arduino\\sketches\\A0AC3703356BF8692A229CDDF71C55FE\\build_opt.h"
cmd /c type nul > "C:\\Users\\tj\\AppData\\Local\\arduino\\sketches\\A0AC3703356BF8692A229CDDF71C55FE/file_opts"
cmd /c COPY /y "C:\\Users\\tj\\AppData\\Local\\Arduino15\\packages\\esp32\\tools\\esp32-arduino-libs\\idf-release_v5.1-632e0c2a\\esp32s3\\sdkconfig" "C:\\Users\\tj\\AppData\\Local\\arduino\\sketches\\A0AC3703356BF8692A229CDDF71C55FE\\sdkconfig"
        1 Datei(en) kopiert.
Detecting libraries used...
C:\Users\tj\AppData\Local\Arduino15\packages\esp32\tools\esp-xs3\2302/bin/xtensa-esp32s3-elf-g++ -c @C:\Users\tj\AppData\Local\Arduino15\packages\esp32\tools\esp32-arduino-libs\idf-release_v5.1-632e0c2a\esp32s3/flags/cpp_flags -w -Os -Werror=return-type -w -x c++ -E -CC -DF_CPU=240000000L -DARDUINO=10607 -DARDUINO_ESP32S3_DEV -DARDUINO_ARCH_ESP32 -DARDUINO_BOARD="ESP32S3_DEV" -DARDUINO_VARIANT="esp32s3" -DARDUINO_PARTITION_default_8MB -DARDUINO_HOST_OS="windows" -DARDUINO_FQBN="esp32:esp32:esp32s3:UploadSpeed=921600,USBMode=hwcdc,CDCOnBoot=default,MSCOnBoot=default,DFUOnBoot=default,UploadMode=default,CPUFreq=240,FlashMode=qio,FlashSize=8M,PartitionScheme=default_8MB,DebugLevel=info,PSRAM=enabled,LoopCore=1,EventsCore=1,EraseFlash=none,JTAGAdapter=default,ZigbeeMode=default" -DESP32=ESP32 -DCORE_DEBUG_LEVEL=3 -DARDUINO_RUNNING_CORE=1 -DARDUINO_EVENT_RUNNING_CORE=1 -DBOARD_HAS_PSRAM -DARDUINO_USB_MODE=1 -DARDUINO_USB_CDC_ON_BOOT=0 -DARDUINO_USB_MSC_ON_BOOT=0 -DARDUINO_USB_DFU_ON_BOOT=0 @C:\Users\tj\AppData\Local\Arduino15\packages\esp32\tools\esp32-arduino-libs\idf-release_v5.1-632e0c2a\esp32s3/flags/defines -ID:\Projects\Github\ESP32-DevBoards-Getting-Started\boards\YB-ESP32-S3-ETH\examples\ArduinoIDE\ESP32-S3-ETH-RAM-PSRAM -iprefix C:\Users\tj\AppData\Local\Arduino15\packages\esp32\tools\esp32-arduino-libs\idf-release_v5.1-632e0c2a\esp32s3/include/ @C:\Users\tj\AppData\Local\Arduino15\packages\esp32\tools\esp32-arduino-libs\idf-release_v5.1-632e0c2a\esp32s3/flags/includes -IC:\Users\tj\AppData\Local\Arduino15\packages\esp32\tools\esp32-arduino-libs\idf-release_v5.1-632e0c2a\esp32s3/qio_qspi/include -IC:\Users\tj\AppData\Local\Arduino15\packages\esp32\hardware\esp32\3.0.7\cores\esp32 -IC:\Users\tj\AppData\Local\Arduino15\packages\esp32\hardware\esp32\3.0.7\variants\esp32s3 @C:\Users\tj\AppData\Local\arduino\sketches\A0AC3703356BF8692A229CDDF71C55FE/build_opt.h @C:\Users\tj\AppData\Local\arduino\sketches\A0AC3703356BF8692A229CDDF71C55FE/file_opts C:\Users\tj\AppData\Local\arduino\sketches\A0AC3703356BF8692A229CDDF71C55FE\sketch\ESP32-S3-ETH-RAM-PSRAM.ino.cpp -o nul
Generating function prototypes...
C:\Users\tj\AppData\Local\Arduino15\packages\esp32\tools\esp-xs3\2302/bin/xtensa-esp32s3-elf-g++ -c @C:\Users\tj\AppData\Local\Arduino15\packages\esp32\tools\esp32-arduino-libs\idf-release_v5.1-632e0c2a\esp32s3/flags/cpp_flags -w -Os -Werror=return-type -w -x c++ -E -CC -DF_CPU=240000000L -DARDUINO=10607 -DARDUINO_ESP32S3_DEV -DARDUINO_ARCH_ESP32 -DARDUINO_BOARD="ESP32S3_DEV" -DARDUINO_VARIANT="esp32s3" -DARDUINO_PARTITION_default_8MB -DARDUINO_HOST_OS="windows" -DARDUINO_FQBN="esp32:esp32:esp32s3:UploadSpeed=921600,USBMode=hwcdc,CDCOnBoot=default,MSCOnBoot=default,DFUOnBoot=default,UploadMode=default,CPUFreq=240,FlashMode=qio,FlashSize=8M,PartitionScheme=default_8MB,DebugLevel=info,PSRAM=enabled,LoopCore=1,EventsCore=1,EraseFlash=none,JTAGAdapter=default,ZigbeeMode=default" -DESP32=ESP32 -DCORE_DEBUG_LEVEL=3 -DARDUINO_RUNNING_CORE=1 -DARDUINO_EVENT_RUNNING_CORE=1 -DBOARD_HAS_PSRAM -DARDUINO_USB_MODE=1 -DARDUINO_USB_CDC_ON_BOOT=0 -DARDUINO_USB_MSC_ON_BOOT=0 -DARDUINO_USB_DFU_ON_BOOT=0 @C:\Users\tj\AppData\Local\Arduino15\packages\esp32\tools\esp32-arduino-libs\idf-release_v5.1-632e0c2a\esp32s3/flags/defines -ID:\Projects\Github\ESP32-DevBoards-Getting-Started\boards\YB-ESP32-S3-ETH\examples\ArduinoIDE\ESP32-S3-ETH-RAM-PSRAM -iprefix C:\Users\tj\AppData\Local\Arduino15\packages\esp32\tools\esp32-arduino-libs\idf-release_v5.1-632e0c2a\esp32s3/include/ @C:\Users\tj\AppData\Local\Arduino15\packages\esp32\tools\esp32-arduino-libs\idf-release_v5.1-632e0c2a\esp32s3/flags/includes -IC:\Users\tj\AppData\Local\Arduino15\packages\esp32\tools\esp32-arduino-libs\idf-release_v5.1-632e0c2a\esp32s3/qio_qspi/include -IC:\Users\tj\AppData\Local\Arduino15\packages\esp32\hardware\esp32\3.0.7\cores\esp32 -IC:\Users\tj\AppData\Local\Arduino15\packages\esp32\hardware\esp32\3.0.7\variants\esp32s3 @C:\Users\tj\AppData\Local\arduino\sketches\A0AC3703356BF8692A229CDDF71C55FE/build_opt.h @C:\Users\tj\AppData\Local\arduino\sketches\A0AC3703356BF8692A229CDDF71C55FE/file_opts C:\Users\tj\AppData\Local\arduino\sketches\A0AC3703356BF8692A229CDDF71C55FE\sketch\ESP32-S3-ETH-RAM-PSRAM.ino.cpp -o C:\Users\tj\AppData\Local\Temp\2511772400\sketch_merged.cpp
C:\Users\tj\AppData\Local\Arduino15\packages\builtin\tools\ctags\5.8-arduino11/ctags -u --language-force=c++ -f - --c++-kinds=svpf --fields=KSTtzns --line-directives C:\Users\tj\AppData\Local\Temp\2511772400\sketch_merged.cpp
Compiling sketch...
"C:\\Users\\tj\\AppData\\Local\\Arduino15\\packages\\esp32\\tools\\esp-xs3\\2302/bin/xtensa-esp32s3-elf-g++" -MMD -c "@C:\\Users\\tj\\AppData\\Local\\Arduino15\\packages\\esp32\\tools\\esp32-arduino-libs\\idf-release_v5.1-632e0c2a\\esp32s3/flags/cpp_flags" -Os -Werror=return-type -DF_CPU=240000000L -DARDUINO=10607 -DARDUINO_ESP32S3_DEV -DARDUINO_ARCH_ESP32 "-DARDUINO_BOARD=\"ESP32S3_DEV\"" "-DARDUINO_VARIANT=\"esp32s3\"" -DARDUINO_PARTITION_default_8MB "-DARDUINO_HOST_OS=\"windows\"" "-DARDUINO_FQBN=\"esp32:esp32:esp32s3:UploadSpeed=921600,USBMode=hwcdc,CDCOnBoot=default,MSCOnBoot=default,DFUOnBoot=default,UploadMode=default,CPUFreq=240,FlashMode=qio,FlashSize=8M,PartitionScheme=default_8MB,DebugLevel=info,PSRAM=enabled,LoopCore=1,EventsCore=1,EraseFlash=none,JTAGAdapter=default,ZigbeeMode=default\"" -DESP32=ESP32 -DCORE_DEBUG_LEVEL=3 -DARDUINO_RUNNING_CORE=1 -DARDUINO_EVENT_RUNNING_CORE=1 -DBOARD_HAS_PSRAM -DARDUINO_USB_MODE=1 -DARDUINO_USB_CDC_ON_BOOT=0 -DARDUINO_USB_MSC_ON_BOOT=0 -DARDUINO_USB_DFU_ON_BOOT=0 "@C:\\Users\\tj\\AppData\\Local\\Arduino15\\packages\\esp32\\tools\\esp32-arduino-libs\\idf-release_v5.1-632e0c2a\\esp32s3/flags/defines" "-ID:\\Projects\\Github\\ESP32-DevBoards-Getting-Started\\boards\\YB-ESP32-S3-ETH\\examples\\ArduinoIDE\\ESP32-S3-ETH-RAM-PSRAM" -iprefix "C:\\Users\\tj\\AppData\\Local\\Arduino15\\packages\\esp32\\tools\\esp32-arduino-libs\\idf-release_v5.1-632e0c2a\\esp32s3/include/" "@C:\\Users\\tj\\AppData\\Local\\Arduino15\\packages\\esp32\\tools\\esp32-arduino-libs\\idf-release_v5.1-632e0c2a\\esp32s3/flags/includes" "-IC:\\Users\\tj\\AppData\\Local\\Arduino15\\packages\\esp32\\tools\\esp32-arduino-libs\\idf-release_v5.1-632e0c2a\\esp32s3/qio_qspi/include" "-IC:\\Users\\tj\\AppData\\Local\\Arduino15\\packages\\esp32\\hardware\\esp32\\3.0.7\\cores\\esp32" "-IC:\\Users\\tj\\AppData\\Local\\Arduino15\\packages\\esp32\\hardware\\esp32\\3.0.7\\variants\\esp32s3" "@C:\\Users\\tj\\AppData\\Local\\arduino\\sketches\\A0AC3703356BF8692A229CDDF71C55FE/build_opt.h" "@C:\\Users\\tj\\AppData\\Local\\arduino\\sketches\\A0AC3703356BF8692A229CDDF71C55FE/file_opts" "C:\\Users\\tj\\AppData\\Local\\arduino\\sketches\\A0AC3703356BF8692A229CDDF71C55FE\\sketch\\ESP32-S3-ETH-RAM-PSRAM.ino.cpp" -o "C:\\Users\\tj\\AppData\\Local\\arduino\\sketches\\A0AC3703356BF8692A229CDDF71C55FE\\sketch\\ESP32-S3-ETH-RAM-PSRAM.ino.cpp.o"
Compiling libraries...
Compiling core...
cmd /c echo -DARDUINO_CORE_BUILD > "C:\\Users\\tj\\AppData\\Local\\arduino\\sketches\\A0AC3703356BF8692A229CDDF71C55FE/file_opts"
Using precompiled core: C:\Users\tj\AppData\Local\arduino\cores\9af9f222ff59fc393dc72f7fac8e2600\core.a
cmd /c type nul > "C:\\Users\\tj\\AppData\\Local\\arduino\\sketches\\A0AC3703356BF8692A229CDDF71C55FE/file_opts"
Linking everything together...
"C:\\Users\\tj\\AppData\\Local\\Arduino15\\packages\\esp32\\tools\\esp-xs3\\2302/bin/xtensa-esp32s3-elf-g++" "@C:\\Users\\tj\\AppData\\Local\\Arduino15\\packages\\esp32\\tools\\esp32-arduino-libs\\idf-release_v5.1-632e0c2a\\esp32s3/flags/ld_flags" "@C:\\Users\\tj\\AppData\\Local\\Arduino15\\packages\\esp32\\tools\\esp32-arduino-libs\\idf-release_v5.1-632e0c2a\\esp32s3/flags/ld_scripts" "-Wl,--Map=C:\\Users\\tj\\AppData\\Local\\arduino\\sketches\\A0AC3703356BF8692A229CDDF71C55FE/ESP32-S3-ETH-RAM-PSRAM.ino.map" "-LC:\\Users\\tj\\AppData\\Local\\Arduino15\\packages\\esp32\\tools\\esp32-arduino-libs\\idf-release_v5.1-632e0c2a\\esp32s3/lib" "-LC:\\Users\\tj\\AppData\\Local\\Arduino15\\packages\\esp32\\tools\\esp32-arduino-libs\\idf-release_v5.1-632e0c2a\\esp32s3/ld" "-LC:\\Users\\tj\\AppData\\Local\\Arduino15\\packages\\esp32\\tools\\esp32-arduino-libs\\idf-release_v5.1-632e0c2a\\esp32s3/qio_qspi" -Wl,--wrap=esp_panic_handler -Wl,--start-group "C:\\Users\\tj\\AppData\\Local\\arduino\\sketches\\A0AC3703356BF8692A229CDDF71C55FE\\sketch\\ESP32-S3-ETH-RAM-PSRAM.ino.cpp.o" "C:\\Users\\tj\\AppData\\Local\\arduino\\cores\\9af9f222ff59fc393dc72f7fac8e2600\\core.a" "@C:\\Users\\tj\\AppData\\Local\\Arduino15\\packages\\esp32\\tools\\esp32-arduino-libs\\idf-release_v5.1-632e0c2a\\esp32s3/flags/ld_libs" -Wl,--end-group -Wl,-EL -o "C:\\Users\\tj\\AppData\\Local\\arduino\\sketches\\A0AC3703356BF8692A229CDDF71C55FE/ESP32-S3-ETH-RAM-PSRAM.ino.elf"
"C:\\Users\\tj\\AppData\\Local\\Arduino15\\packages\\esp32\\tools\\esptool_py\\4.6/esptool.exe" --chip esp32s3 elf2image --flash_mode dio --flash_freq 80m --flash_size 8MB --elf-sha256-offset 0xb0 -o "C:\\Users\\tj\\AppData\\Local\\arduino\\sketches\\A0AC3703356BF8692A229CDDF71C55FE/ESP32-S3-ETH-RAM-PSRAM.ino.bin" "C:\\Users\\tj\\AppData\\Local\\arduino\\sketches\\A0AC3703356BF8692A229CDDF71C55FE/ESP32-S3-ETH-RAM-PSRAM.ino.elf"
esptool.py v4.6
Creating esp32s3 image...
Merged 2 ELF sections
Successfully created esp32s3 image.
"C:\\Users\\tj\\AppData\\Local\\Arduino15\\packages\\esp32\\hardware\\esp32\\3.0.7\\tools\\gen_esp32part.exe" -q "C:\\Users\\tj\\AppData\\Local\\arduino\\sketches\\A0AC3703356BF8692A229CDDF71C55FE/partitions.csv" "C:\\Users\\tj\\AppData\\Local\\arduino\\sketches\\A0AC3703356BF8692A229CDDF71C55FE/ESP32-S3-ETH-RAM-PSRAM.ino.partitions.bin"
cmd /c if exist "C:\\Users\\tj\\AppData\\Local\\arduino\\sketches\\A0AC3703356BF8692A229CDDF71C55FE\\libraries\\Insights" "C:\\Users\\tj\\AppData\\Local\\Arduino15\\packages\\esp32\\hardware\\esp32\\3.0.7\\tools\\gen_insights_package.exe" "C:\\Users\\tj\\AppData\\Local\\arduino\\sketches\\A0AC3703356BF8692A229CDDF71C55FE" ESP32-S3-ETH-RAM-PSRAM.ino "D:\\Projects\\Github\\ESP32-DevBoards-Getting-Started\\boards\\YB-ESP32-S3-ETH\\examples\\ArduinoIDE\\ESP32-S3-ETH-RAM-PSRAM"
cmd /c if exist "C:\\Users\\tj\\AppData\\Local\\arduino\\sketches\\A0AC3703356BF8692A229CDDF71C55FE\\libraries\\ESP_SR" if exist "C:\\Users\\tj\\AppData\\Local\\Arduino15\\packages\\esp32\\tools\\esp32-arduino-libs\\idf-release_v5.1-632e0c2a\\esp32s3\\esp_sr\\srmodels.bin" COPY /y "C:\\Users\\tj\\AppData\\Local\\Arduino15\\packages\\esp32\\tools\\esp32-arduino-libs\\idf-release_v5.1-632e0c2a\\esp32s3\\esp_sr\\srmodels.bin" "C:\\Users\\tj\\AppData\\Local\\arduino\\sketches\\A0AC3703356BF8692A229CDDF71C55FE\\srmodels.bin"
"C:\\Users\\tj\\AppData\\Local\\Arduino15\\packages\\esp32\\tools\\esptool_py\\4.6/esptool.exe" --chip esp32s3 merge_bin -o "C:\\Users\\tj\\AppData\\Local\\arduino\\sketches\\A0AC3703356BF8692A229CDDF71C55FE/ESP32-S3-ETH-RAM-PSRAM.ino.merged.bin" --fill-flash-size 8MB --flash_mode keep --flash_freq keep --flash_size keep 0x0 "C:\\Users\\tj\\AppData\\Local\\arduino\\sketches\\A0AC3703356BF8692A229CDDF71C55FE/ESP32-S3-ETH-RAM-PSRAM.ino.bootloader.bin" 0x8000 "C:\\Users\\tj\\AppData\\Local\\arduino\\sketches\\A0AC3703356BF8692A229CDDF71C55FE/ESP32-S3-ETH-RAM-PSRAM.ino.partitions.bin" 0xe000 "C:\\Users\\tj\\AppData\\Local\\Arduino15\\packages\\esp32\\hardware\\esp32\\3.0.7/tools/partitions/boot_app0.bin" 0x10000 "C:\\Users\\tj\\AppData\\Local\\arduino\\sketches\\A0AC3703356BF8692A229CDDF71C55FE/ESP32-S3-ETH-RAM-PSRAM.ino.bin"
esptool.py v4.6
Wrote 0x800000 bytes to file C:\Users\tj\AppData\Local\arduino\sketches\A0AC3703356BF8692A229CDDF71C55FE/ESP32-S3-ETH-RAM-PSRAM.ino.merged.bin, ready to flash to offset 0x0

"C:\\Users\\tj\\AppData\\Local\\Arduino15\\packages\\esp32\\tools\\esp-xs3\\2302/bin/xtensa-esp32s3-elf-size" -A "C:\\Users\\tj\\AppData\\Local\\arduino\\sketches\\A0AC3703356BF8692A229CDDF71C55FE/ESP32-S3-ETH-RAM-PSRAM.ino.elf"
Sketch uses 292941 bytes (8%) of program storage space. Maximum is 3342336 bytes.
Global variables use 18156 bytes (5%) of dynamic memory, leaving 309524 bytes for local variables. Maximum is 327680 bytes.
"C:\Users\tj\AppData\Local\Arduino15\packages\esp32\tools\esptool_py\4.6/esptool.exe" --chip esp32s3 --port "COM6" --baud 921600  --before default_reset --after hard_reset write_flash  -z --flash_mode keep --flash_freq keep --flash_size keep 0x0 "C:\Users\tj\AppData\Local\arduino\sketches\A0AC3703356BF8692A229CDDF71C55FE/ESP32-S3-ETH-RAM-PSRAM.ino.bootloader.bin" 0x8000 "C:\Users\tj\AppData\Local\arduino\sketches\A0AC3703356BF8692A229CDDF71C55FE/ESP32-S3-ETH-RAM-PSRAM.ino.partitions.bin" 0xe000 "C:\Users\tj\AppData\Local\Arduino15\packages\esp32\hardware\esp32\3.0.7/tools/partitions/boot_app0.bin" 0x10000 "C:\Users\tj\AppData\Local\arduino\sketches\A0AC3703356BF8692A229CDDF71C55FE/ESP32-S3-ETH-RAM-PSRAM.ino.bin" 
esptool.py v4.6
Serial port COM6
Connecting...
Chip is ESP32-S3 (revision v0.2)
Features: WiFi, BLE
Crystal is 40MHz
MAC: 74:4d:bd:2a:98:48
Uploading stub...
Running stub...
Stub running...
Changing baud rate to 921600
Changed.
Configuring flash size...
Flash will be erased from 0x00000000 to 0x00004fff...
Flash will be erased from 0x00008000 to 0x00008fff...
Flash will be erased from 0x0000e000 to 0x0000ffff...
Flash will be erased from 0x00010000 to 0x00057fff...
Compressed 19504 bytes to 12971...
Writing at 0x00000000... (100 %)
Wrote 19504 bytes (12971 compressed) at 0x00000000 in 0.5 seconds (effective 346.7 kbit/s)...
Hash of data verified.
Compressed 3072 bytes to 146...
Writing at 0x00008000... (100 %)
Wrote 3072 bytes (146 compressed) at 0x00008000 in 0.1 seconds (effective 365.4 kbit/s)...
Hash of data verified.
Compressed 8192 bytes to 47...
Writing at 0x0000e000... (100 %)
Wrote 8192 bytes (47 compressed) at 0x0000e000 in 0.1 seconds (effective 661.0 kbit/s)...
Hash of data verified.
Compressed 293312 bytes to 163716...
Writing at 0x00010000... (10 %)
Writing at 0x0001c39a... (20 %)
Writing at 0x000244cb... (30 %)
Writing at 0x00029cef... (40 %)
Writing at 0x0002f1b2... (50 %)
Writing at 0x00034727... (60 %)
Writing at 0x0003a0e6... (70 %)
Writing at 0x000435fc... (80 %)
Writing at 0x0004c803... (90 %)
Writing at 0x00051e37... (100 %)
Wrote 293312 bytes (163716 compressed) at 0x00010000 in 2.7 seconds (effective 869.9 kbit/s)...
Hash of data verified.

Leaving...
Hard resetting via RTS pin...
